        -:    0:Source:vfprintf.c
        -:    0:Graph:vfprintf.gcno
        -:    0:Data:vfprintf.gcda
        -:    0:Runs:3
        -:    0:Programs:1
        -:    1:// #include "stdio_impl.h"
        -:    2:
        -:    3:#include <errno.h>
        -:    4:#include <ctype.h>
        -:    5:#include <limits.h>
        -:    6:#include <string.h>
        -:    7:#include <stdlib.h>
        -:    8:#include <stdarg.h>
        -:    9:#include <wchar.h>
        -:   10:#include <inttypes.h>
        -:   11:#include <math.h>
        -:   12:#include <float.h>
        -:   13:
        -:   14:#include "musl.h"
        -:   15:
        -:   16:/* Some useful macros */
        -:   17:
        -:   18:#define MAX(a,b) ((a)>(b) ? (a) : (b))
        -:   19:#define MIN(a,b) ((a)<(b) ? (a) : (b))
        -:   20:#define CONCAT2(x,y) x ## y
        -:   21:#define CONCAT(x,y) CONCAT2(x,y)
        -:   22:
        -:   23:/* Convenient bit representation for modifier flags, which all fall
        -:   24: * within 31 codepoints of the space character. */
        -:   25:
        -:   26:#define ALT_FORM   (1U<<'#'-' ')
        -:   27:#define ZERO_PAD   (1U<<'0'-' ')
        -:   28:#define LEFT_ADJ   (1U<<'-'-' ')
        -:   29:#define PAD_POS    (1U<<' '-' ')
        -:   30:#define MARK_POS   (1U<<'+'-' ')
        -:   31:#define GROUPED    (1U<<'\''-' ')
        -:   32:
        -:   33:#define FLAGMASK (ALT_FORM|ZERO_PAD|LEFT_ADJ|PAD_POS|MARK_POS|GROUPED)
        -:   34:
        -:   35:#if UINT_MAX == ULONG_MAX
        -:   36:#define LONG_IS_INT
        -:   37:#endif
        -:   38:
        -:   39:#if SIZE_MAX != ULONG_MAX || UINTMAX_MAX != ULLONG_MAX
        -:   40:#define ODD_TYPES
        -:   41:#endif
        -:   42:
        -:   43:/* State machine to accept length modifiers + conversion specifiers.
        -:   44: * Result is 0 on failure, or an argument type to pop on success. */
        -:   45:
        -:   46:enum {
        -:   47:	BARE, LPRE, LLPRE, HPRE, HHPRE, BIGLPRE,
        -:   48:	ZTPRE, JPRE,
        -:   49:	STOP,
        -:   50:	PTR, INT, UINT, ULLONG,
        -:   51:#ifndef LONG_IS_INT
        -:   52:	LONG, ULONG,
        -:   53:#else
        -:   54:#define LONG INT
        -:   55:#define ULONG UINT
        -:   56:#endif
        -:   57:	SHORT, USHORT, CHAR, UCHAR,
        -:   58:#ifdef ODD_TYPES
        -:   59:	LLONG, SIZET, IMAX, UMAX, PDIFF, UIPTR,
        -:   60:#else
        -:   61:#define LLONG ULLONG
        -:   62:#define SIZET ULONG
        -:   63:#define IMAX LLONG
        -:   64:#define UMAX ULLONG
        -:   65:#define PDIFF LONG
        -:   66:#define UIPTR ULONG
        -:   67:#endif
        -:   68:	DBL, LDBL,
        -:   69:	NOARG,
        -:   70:	MAXSTATE
        -:   71:};
        -:   72:
        -:   73:#define S(x) [(x)-'A']
        -:   74:
        -:   75:static const unsigned char states[]['z'-'A'+1] = {
        -:   76:	{ /* 0: bare types */
        -:   77:		S('d') = INT, S('i') = INT,
        -:   78:		S('o') = UINT, S('u') = UINT, S('x') = UINT, S('X') = UINT,
        -:   79:		S('e') = DBL, S('f') = DBL, S('g') = DBL, S('a') = DBL,
        -:   80:		S('E') = DBL, S('F') = DBL, S('G') = DBL, S('A') = DBL,
        -:   81:		S('c') = CHAR, S('C') = INT,
        -:   82:		S('s') = PTR, S('S') = PTR, S('p') = UIPTR, S('n') = PTR,
        -:   83:		S('m') = NOARG,
        -:   84:		S('l') = LPRE, S('h') = HPRE, S('L') = BIGLPRE,
        -:   85:		S('z') = ZTPRE, S('j') = JPRE, S('t') = ZTPRE,
        -:   86:	}, { /* 1: l-prefixed */
        -:   87:		S('d') = LONG, S('i') = LONG,
        -:   88:		S('o') = ULONG, S('u') = ULONG, S('x') = ULONG, S('X') = ULONG,
        -:   89:		S('e') = DBL, S('f') = DBL, S('g') = DBL, S('a') = DBL,
        -:   90:		S('E') = DBL, S('F') = DBL, S('G') = DBL, S('A') = DBL,
        -:   91:		S('c') = INT, S('s') = PTR, S('n') = PTR,
        -:   92:		S('l') = LLPRE,
        -:   93:	}, { /* 2: ll-prefixed */
        -:   94:		S('d') = LLONG, S('i') = LLONG,
        -:   95:		S('o') = ULLONG, S('u') = ULLONG,
        -:   96:		S('x') = ULLONG, S('X') = ULLONG,
        -:   97:		S('n') = PTR,
        -:   98:	}, { /* 3: h-prefixed */
        -:   99:		S('d') = SHORT, S('i') = SHORT,
        -:  100:		S('o') = USHORT, S('u') = USHORT,
        -:  101:		S('x') = USHORT, S('X') = USHORT,
        -:  102:		S('n') = PTR,
        -:  103:		S('h') = HHPRE,
        -:  104:	}, { /* 4: hh-prefixed */
        -:  105:		S('d') = CHAR, S('i') = CHAR,
        -:  106:		S('o') = UCHAR, S('u') = UCHAR,
        -:  107:		S('x') = UCHAR, S('X') = UCHAR,
        -:  108:		S('n') = PTR,
        -:  109:	}, { /* 5: L-prefixed */
        -:  110:		S('e') = LDBL, S('f') = LDBL, S('g') = LDBL, S('a') = LDBL,
        -:  111:		S('E') = LDBL, S('F') = LDBL, S('G') = LDBL, S('A') = LDBL,
        -:  112:		S('n') = PTR,
        -:  113:	}, { /* 6: z- or t-prefixed (assumed to be same size) */
        -:  114:		S('d') = PDIFF, S('i') = PDIFF,
        -:  115:		S('o') = SIZET, S('u') = SIZET,
        -:  116:		S('x') = SIZET, S('X') = SIZET,
        -:  117:		S('n') = PTR,
        -:  118:	}, { /* 7: j-prefixed */
        -:  119:		S('d') = IMAX, S('i') = IMAX,
        -:  120:		S('o') = UMAX, S('u') = UMAX,
        -:  121:		S('x') = UMAX, S('X') = UMAX,
        -:  122:		S('n') = PTR,
        -:  123:	}
        -:  124:};
        -:  125:
        -:  126:#define OOB(x) ((unsigned)(x)-'A' > 'z'-'A')
        -:  127:
        -:  128:union arg
        -:  129:{
        -:  130:	uintmax_t i;
        -:  131:	long double f;
        -:  132:	void *p;
        -:  133:};
        -:  134:
        -:  135:static void pop_arg(union arg *arg, int type, va_list *ap)
        -:  136:{
        -:  137:	/* Give the compiler a hint for optimizing the switch. */
    15127:  138:	if ((unsigned)type > MAXSTATE) return;
    30254:  139:	switch (type) {
     7620:  140:	       case PTR:	arg->p = va_arg(*ap, void *);
     5873:  141:	break; case INT:	arg->i = va_arg(*ap, int);
     2233:  142:	break; case UINT:	arg->i = va_arg(*ap, unsigned int);
        -:  143:#ifndef LONG_IS_INT
     1955:  144:	break; case LONG:	arg->i = va_arg(*ap, long);
     6755:  145:	break; case ULONG:	arg->i = va_arg(*ap, unsigned long);
        -:  146:#endif
     5283:  147:	break; case ULLONG:	arg->i = va_arg(*ap, unsigned long long);
     1531:  148:	break; case SHORT:	arg->i = (short)va_arg(*ap, int);
     1216:  149:	break; case USHORT:	arg->i = (unsigned short)va_arg(*ap, int);
     3165:  150:	break; case CHAR:	arg->i = (signed char)va_arg(*ap, int);
     2029:  151:	break; case UCHAR:	arg->i = (unsigned char)va_arg(*ap, int);
        -:  152:#ifdef ODD_TYPES
        -:  153:	break; case LLONG:	arg->i = va_arg(*ap, long long);
        -:  154:	break; case SIZET:	arg->i = va_arg(*ap, size_t);
        -:  155:	break; case IMAX:	arg->i = va_arg(*ap, intmax_t);
        -:  156:	break; case UMAX:	arg->i = va_arg(*ap, uintmax_t);
        -:  157:	break; case PDIFF:	arg->i = va_arg(*ap, ptrdiff_t);
        -:  158:	break; case UIPTR:	arg->i = (uintptr_t)va_arg(*ap, void *);
        -:  159:#endif
     8782:  160:	break; case DBL:	arg->f = va_arg(*ap, double);
     5621:  161:	break; case LDBL:	arg->f = va_arg(*ap, long double);
     2815:  162:	}
    15127:  163:}
        -:  164:
        -:  165:static void out(MUSL_FILE *f, const char *s, size_t l)
        -:  166:{
    53357:  167:	__fwritex((void *)s, l, f);
    53357:  168:}
        -:  169:
        -:  170:static void pad(MUSL_FILE *f, char c, int w, int l, int fl)
        -:  171:{
        -:  172:	char pad[256];
   110769:  173:	if (fl & (LEFT_ADJ | ZERO_PAD) || l >= w) return;
     6296:  174:	l = w - l;
    18888:  175:	memset(pad, c, l>sizeof pad ? sizeof pad : l);
    12592:  176:	for (; l >= sizeof pad; l -= sizeof pad)
    #####:  177:		out(f, pad, sizeof pad);
     6296:  178:	out(f, pad, l);
    53122:  179:}
        -:  180:
        -:  181:static const char xdigits[16] = {
        -:  182:	"0123456789ABCDEF"
        -:  183:};
        -:  184:
        -:  185:static char *fmt_x(uintmax_t x, char *s, int lower)
        -:  186:{
    34058:  187:	for (; x; x>>=4) *--s = xdigits[(x&15)]|lower;
     2422:  188:	return s;
        -:  189:}
        -:  190:
        -:  191:static char *fmt_o(uintmax_t x, char *s)
        -:  192:{
    21994:  193:	for (; x; x>>=3) *--s = '0' + (x&7);
      758:  194:	return s;
        -:  195:}
        -:  196:
        -:  197:static char *fmt_u(uintmax_t x, char *s)
        -:  198:{
        -:  199:	unsigned long y;
    15954:  200:	for (   ; x>ULONG_MAX; x/=10) *--s = '0' + x%10;
    91617:  201:	for (y=x;           y; y/=10) *--s = '0' + y%10;
     7977:  202:	return s;
        -:  203:}
        -:  204:
        -:  205:/* Do not override this check. The floating point printing code below
        -:  206: * depends on the float.h constants being right. If they are wrong, it
        -:  207: * may overflow the stack. */
        -:  208:#if LDBL_MANT_DIG == 53
        -:  209:typedef char compiler_defines_long_double_incorrectly[9-(int)sizeof(long double)];
        -:  210:#endif
        -:  211:
        -:  212:static int fmt_fp(MUSL_FILE *f, long double y, int w, int p, int fl, int t)
        -:  213:{
        -:  214:	uint32_t big[(LDBL_MANT_DIG+28)/29 + 1          // mantissa expansion
        -:  215:		+ (LDBL_MAX_EXP+LDBL_MANT_DIG+28+8)/9]; // exponent expansion
        -:  216:	uint32_t *a, *d, *r, *z;
     5646:  217:	int e2=0, e, i, j, l;
        -:  218:	char buf[9+LDBL_MANT_DIG/4], *s;
     5646:  219:	const char *prefix="-0X+0X 0X-0x+0x 0x";
        -:  220:	int pl;
     5646:  221:	char ebuf0[3*sizeof(int)], *ebuf=&ebuf0[3*sizeof(int)], *estr;
        -:  222:
     5646:  223:	pl=1;
    16938:  224:	if (signbit(y)) {
      360:  225:		y=-y;
     5646:  226:	} else if (fl & MARK_POS) {
     1402:  227:		prefix+=3;
     5286:  228:	} else if (fl & PAD_POS) {
     1029:  229:		prefix+=6;
     3884:  230:	} else prefix++, pl=0;
        -:  231:
    16938:  232:	if (!isfinite(y)) {
     1351:  233:		char *s = (t&32)?"inf":"INF";
     2037:  234:		if (y!=y) s=(t&32)?"nan":"NAN", pl=0;
     1351:  235:		pad(f, ' ', w, 3+pl, fl&~ZERO_PAD);
     1351:  236:		out(f, prefix, pl);
     1351:  237:		out(f, s, 3);
     1351:  238:		pad(f, ' ', w, 3+pl, fl^LEFT_ADJ);
     4053:  239:		return MAX(w, 3+pl);
        -:  240:	}
        -:  241:
     4295:  242:	y = frexpl(y, &e2) * 2;
     5027:  243:	if (y) e2--;
        -:  244:
     4295:  245:	if ((t|32)=='a') {
     1091:  246:		long double round = 8.0;
        -:  247:		int re;
        -:  248:
     1622:  249:		if (t&32) prefix += 9;
     1091:  250:		pl += 2;
        -:  251:
     2182:  252:		if (p<0 || p>=LDBL_MANT_DIG/4-1) re=0;
      688:  253:		else re=LDBL_MANT_DIG/4-1-p;
        -:  254:
     1091:  255:		if (re) {
    15080:  256:			while (re--) round*=16;
      688:  257:			if (*prefix=='-') {
       54:  258:				y=-y;
       54:  259:				y-=round;
       54:  260:				y+=round;
       54:  261:				y=-y;
       54:  262:			} else {
      634:  263:				y+=round;
      634:  264:				y-=round;
        -:  265:			}
      688:  266:		}
        -:  267:
     3273:  268:		estr=fmt_u(e2<0 ? -e2 : e2, ebuf);
     2004:  269:		if (estr==ebuf) *--estr='0';
     1091:  270:		*--estr = (e2<0 ? '-' : '+');
     1091:  271:		*--estr = t+('p'-'a');
        -:  272:
     1091:  273:		s=buf;
     1091:  274:		do {
     2498:  275:			int x=y;
     2498:  276:			*s++=xdigits[x]|(t&32);
     2498:  277:			y=16*(y-x);
     5726:  278:			if (s-buf==1 && (y||p>0||(fl&ALT_FORM))) *s++='.';
     4996:  279:		} while (y);
        -:  280:
     2136:  281:		if (p && s-buf-2 < p)
      547:  282:			l = (p+2) + (ebuf-estr);
        -:  283:		else
      544:  284:			l = (s-buf) + (ebuf-estr);
        -:  285:
     1091:  286:		pad(f, ' ', w, pl+l, fl);
     1091:  287:		out(f, prefix, pl);
     1091:  288:		pad(f, '0', w, pl+l, fl^ZERO_PAD);
     1091:  289:		out(f, buf, s-buf);
     1091:  290:		pad(f, '0', l-(ebuf-estr)-(s-buf), 0, 0);
     1091:  291:		out(f, estr, ebuf-estr);
     1091:  292:		pad(f, ' ', w, pl+l, fl^LEFT_ADJ);
     3273:  293:		return MAX(w, pl+l);
        -:  294:	}
     4336:  295:	if (p<0) p=6;
        -:  296:
     3758:  297:	if (y) y *= 0x1p28, e2-=28;
        -:  298:
     3365:  299:	if (e2<0) a=r=z=big;
     3043:  300:	else a=r=z=big+sizeof(big)/sizeof(*big) - LDBL_MANT_DIG - 1;
        -:  301:
     3204:  302:	do {
     4798:  303:		*z = y;
     4798:  304:		y = 1000000000*(y-*z++);
     9596:  305:	} while (y);
        -:  306:
     6627:  307:	while (e2>0) {
      219:  308:		uint32_t carry=0;
      657:  309:		int sh=MIN(29,e2);
     2186:  310:		for (d=z-1; d>=a; d--) {
      874:  311:			uint64_t x = ((uint64_t)*d<<sh)+carry;
      874:  312:			*d = x % 1000000000;
      874:  313:			carry = x / 1000000000;
      874:  314:		}
      225:  315:		if (!z[-1] && z>a) z--;
      219:  316:		if (carry) *--a = carry;
      219:  317:		e2-=sh;
      219:  318:	}
    43089:  319:	while (e2<0) {
    36681:  320:		uint32_t carry=0, *b;
   110043:  321:		int sh=MIN(9,-e2), need=1+(p+LDBL_MANT_DIG/3+8)/9;
   246454:  322:		for (d=a; d<z; d++) {
    86546:  323:			uint32_t rm = *d & (1<<sh)-1;
    86546:  324:			*d = (*d>>sh) + carry;
    86546:  325:			carry = (1000000000>>sh) * rm;
    86546:  326:		}
    42757:  327:		if (!*a) a++;
    56885:  328:		if (carry) *z++ = carry;
        -:  329:		/* Avoid (slow!) computation past requested precision */
   110043:  330:		b = (t|32)=='f' ? r : a;
    50777:  331:		if (z-b > need) z = b+need;
    36681:  332:		e2+=sh;
    36681:  333:	}
        -:  334:
    25440:  335:	if (a<z) for (i=10, e=9*(r-a); *a>=i; i*=10, e++);
        9:  336:	else e=0;
        -:  337:
        -:  338:	/* Perform rounding: j is precision after the radix (possibly neg) */
     4235:  339:	j = p - ((t|32)!='f')*e - ((t|32)=='g' && p);
     3204:  340:	if (j < 9*(z-r-1)) {
        -:  341:		uint32_t x;
        -:  342:		/* We avoid C's broken division of negative numbers */
      554:  343:		d = r + 1 + ((j+9*LDBL_MAX_EXP)/9 - LDBL_MAX_EXP);
      554:  344:		j += 9*LDBL_MAX_EXP;
      554:  345:		j %= 9;
     6571:  346:		for (i=10, j++; j<9; i*=10, j++);
      554:  347:		x = *d % i;
        -:  348:		/* Are there any significant digits past j? */
      576:  349:		if (x || d+1!=z) {
      553:  350:			long double round = CONCAT(0x1p,LDBL_MANT_DIG);
        -:  351:			long double small;
      815:  352:			if (*d/i & 1) round += 2;
      829:  353:			if (x<i/2) small=0x0.8p0;
      282:  354:			else if (x==i/2 && d+1==z) small=0x1.0p0;
      277:  355:			else small=0x1.8p0;
     1221:  356:			if (pl && *prefix=='-') round*=-1, small*=-1;
      553:  357:			*d -= x;
        -:  358:			/* Decide whether to round by probing round+small */
      553:  359:			if (round+small != round) {
      277:  360:				*d = *d + i;
      578:  361:				while (*d > 999999999) {
       24:  362:					*d--=0;
       24:  363:					(*d)++;
       24:  364:				}
      277:  365:				if (d<a) a=d;
     6971:  366:				for (i=10, e=9*(r-a); *a>=i; i*=10, e++);
      277:  367:			}
      553:  368:		}
     1107:  369:		if (z>d+1) z=d+1;
     1165:  370:		for (; !z[-1] && z>a; z--);
      554:  371:	}
        -:  372:	
     3204:  373:	if ((t|32)=='g') {
     1090:  374:		if (!p) p++;
     1919:  375:		if (p>e && e>=-4) {
      882:  376:			t--;
      882:  377:			p-=e+1;
      882:  378:		} else {
      149:  379:			t-=2;
      149:  380:			p--;
        -:  381:		}
     1031:  382:		if (!(fl&ALT_FORM)) {
        -:  383:			/* Count trailing zeros in last place */
     3427:  384:			if (z>a && z[-1]) for (i=10, j=0; z[-1]%i==0; i*=10, j++);
      625:  385:			else j=9;
      758:  386:			if ((t|32)=='f')
     4473:  387:				p = MIN(p,MAX(0,9*(z-r-1)-j));
        -:  388:			else
      833:  389:				p = MIN(p,MAX(0,9*(z-r-1)+e-j));
      758:  390:		}
     1031:  391:	}
     7209:  392:	l = 1 + p + (p || (fl&ALT_FORM));
     3204:  393:	if ((t|32)=='f') {
     2138:  394:		if (e>0) l+=e;
     1927:  395:	} else {
     3831:  396:		estr=fmt_u(e<0 ? -e : e, ebuf);
     6972:  397:		while(ebuf-estr<2) *--estr='0';
     1277:  398:		*--estr = (e<0 ? '-' : '+');
     1277:  399:		*--estr = t;
     1277:  400:		l += ebuf-estr;
        -:  401:	}
        -:  402:
     3204:  403:	pad(f, ' ', w, pl+l, fl);
     3204:  404:	out(f, prefix, pl);
     3204:  405:	pad(f, '0', w, pl+l, fl^ZERO_PAD);
        -:  406:
     3204:  407:	if ((t|32)=='f') {
     1936:  408:		if (a>r) a=r;
     7708:  409:		for (d=a; d<=r; d++) {
     1927:  410:			char *s = fmt_u(*d, buf+9);
     1927:  411:			if (d!=a) while (s>buf) *--s='0';
     3643:  412:			else if (s==buf+9) *--s='0';
     1927:  413:			out(f, s, buf+9-s);
     1927:  414:		}
     3900:  415:		if (p || (fl&ALT_FORM)) out(f, ".", 1);
     4487:  416:		for (; d<z && p>0; d++, p-=9) {
      211:  417:			char *s = fmt_u(*d, buf+9);
      616:  418:			while (s>buf) *--s='0';
      633:  419:			out(f, s, MIN(9,p));
      211:  420:		}
     1927:  421:		pad(f, '0', p+9, 9, 0);
     1927:  422:	} else {
     1277:  423:		if (z<=a) z=a+1;
     6493:  424:		for (d=a; d<z && p>=0; d++) {
     1313:  425:			char *s = fmt_u(*d, buf+9);
     2256:  426:			if (s==buf+9) *--s='0';
     1423:  427:			if (d!=a) while (s>buf) *--s='0';
        -:  428:			else {
     1277:  429:				out(f, s++, 1);
     2568:  430:				if (p>0||(fl&ALT_FORM)) out(f, ".", 1);
        -:  431:			}
     3939:  432:			out(f, s, MIN(buf+9-s, p));
     1313:  433:			p -= buf+9-s;
     1313:  434:		}
     1277:  435:		pad(f, '0', p+18, 18, 0);
     1277:  436:		out(f, estr, ebuf-estr);
        -:  437:	}
        -:  438:
     3204:  439:	pad(f, ' ', w, pl+l, fl^LEFT_ADJ);
        -:  440:
     9612:  441:	return MAX(w, pl+l);
     5646:  442:}
        -:  443:
        -:  444:static int getint(char **s) {
        -:  445:	int i;
   105404:  446:	for (i=0; isdigit(**s); (*s)++)
    18063:  447:		i = 10*i + (**s-'0');
    34639:  448:	return i;
        -:  449:}
        -:  450:
        -:  451:static int printf_core(MUSL_FILE *f, const char *fmt, va_list *ap, union arg *nl_arg, int *nl_type)
        -:  452:{
    36042:  453:	char *a, *z, *s=(char *)fmt;
    36042:  454:	unsigned l10n=0, fl;
        -:  455:	int w, p;
        -:  456:	union arg arg;
        -:  457:	int argpos;
        -:  458:	unsigned st, ps;
    36042:  459:	int cnt=0, l=0;
        -:  460:	int i;
        -:  461:	char buf[sizeof(uintmax_t)*3+3+LDBL_MANT_DIG/4];
        -:  462:	const char *prefix;
        -:  463:	int t, pl;
        -:  464:	wchar_t wc[2], *ws;
        -:  465:	char mb[4];
        -:  466:
    36042:  467:	for (;;) {
        -:  468:		/* Update output count, end loop when fmt is exhausted */
    53630:  469:		if (cnt >= 0) {
    53630:  470:			if (l > INT_MAX - cnt) {
    #####:  471:				errno = EOVERFLOW;
    #####:  472:				cnt = -1;
    53630:  473:			} else cnt += l;
    53630:  474:		}
    71218:  475:		if (!*s) break;
        -:  476:
        -:  477:		/* Handle literal text and %% format specifiers */
   108126:  478:		for (a=s; *s && *s!='%'; s++);
   118016:  479:		for (z=s; s[0]=='%' && s[1]=='%'; z++, s+=2);
    36042:  480:		l = z-a;
    51984:  481:		if (f) out(f, a, l);
    37546:  482:		if (l) continue;
        -:  483:
    47561:  484:		if (isdigit(s[1]) && s[2]=='$') {
     7962:  485:			l10n=1;
     7962:  486:			argpos = s[1]-'0';
     7962:  487:			s+=3;
     7962:  488:		} else {
    26576:  489:			argpos = -1;
    26576:  490:			s++;
        -:  491:		}
        -:  492:
        -:  493:		/* Read modifier flags */
   214955:  494:		for (fl=0; (unsigned)*s-' '<32 && (FLAGMASK&(1U<<*s-' ')); s++)
    40719:  495:			fl |= 1U<<*s-' ';
        -:  496:
        -:  497:		/* Read field width */
    34538:  498:		if (*s=='*') {
     7681:  499:			if (isdigit(s[1]) && s[2]=='$') {
    #####:  500:				l10n=1;
    #####:  501:				nl_type[s[1]-'0'] = INT;
    #####:  502:				w = nl_arg[s[1]-'0'].i;
    #####:  503:				s+=3;
     7681:  504:			} else if (!l10n) {
    25752:  505:				w = f ? va_arg(*ap, int) : 0;
     6438:  506:				s++;
     7681:  507:			} else return -1;
     6438:  508:			if (w<0) fl|=LEFT_ADJ, w=-w;
    33295:  509:		} else if ((w=getint(&s))<0) return -1;
        -:  510:
        -:  511:		/* Read precision */
    47963:  512:		if (*s=='.' && s[1]=='*') {
     6886:  513:			if (isdigit(s[2]) && s[3]=='$') {
    #####:  514:				nl_type[s[2]-'0'] = INT;
    #####:  515:				p = nl_arg[s[2]-'0'].i;
    #####:  516:				s+=4;
     6886:  517:			} else if (!l10n) {
    24008:  518:				p = f ? va_arg(*ap, int) : 0;
     6002:  519:				s+=2;
     6886:  520:			} else return -1;
    32411:  521:		} else if (*s=='.') {
     7782:  522:			s++;
     7782:  523:			p = getint(&s);
    26409:  524:		} else p = -1;
        -:  525:
        -:  526:		/* Format specifier state machine */
    32411:  527:		st=0;
    32411:  528:		do {
    52058:  529:			if (OOB(*s)) return -1;
    47996:  530:			ps=st;
    47996:  531:			st=states[st]S(*s++);
    95992:  532:		} while (st-1<STOP);
    30380:  533:		if (!st) return -1;
        -:  534:
        -:  535:		/* Check validity of argument type (nl/normal) */
    30380:  536:		if (st==NOARG) {
    #####:  537:			if (argpos>=0) return -1;
    #####:  538:		} else {
    35958:  539:			if (argpos>=0) nl_type[argpos]=st, arg=nl_arg[argpos];
    37203:  540:			else if (f) pop_arg(&arg, st, ap);
    12401:  541:			else return 0;
        -:  542:		}
        -:  543:
    20768:  544:		if (!f) continue;
        -:  545:
    15190:  546:		z = buf + sizeof(buf);
    15190:  547:		prefix = "-+   0X0x";
    15190:  548:		pl = 0;
    15190:  549:		t = s[-1];
        -:  550:
        -:  551:		/* Transform ls,lc -> S,C */
    22651:  552:		if (ps && (t&15)==3) t&=~32;
        -:  553:
        -:  554:		/* - and 0 flags are mutually exclusive */
    19932:  555:		if (fl & LEFT_ADJ) fl &= ~ZERO_PAD;
        -:  556:
    25240:  557:		switch(t) {
        -:  558:		case 'n':
     1826:  559:			switch(ps) {
      101:  560:			case BARE: *(int *)arg.p = cnt; break;
      113:  561:			case LPRE: *(long *)arg.p = cnt; break;
      102:  562:			case LLPRE: *(long long *)arg.p = cnt; break;
      114:  563:			case HPRE: *(unsigned short *)arg.p = cnt; break;
      128:  564:			case HHPRE: *(unsigned char *)arg.p = cnt; break;
      228:  565:			case ZTPRE: *(size_t *)arg.p = cnt; break;
      127:  566:			case JPRE: *(uintmax_t *)arg.p = cnt; break;
        -:  567:			}
      913:  568:			continue;
        -:  569:		case 'p':
     2895:  570:			p = MAX(p, 2*sizeof(void*));
      965:  571:			t = 'x';
      965:  572:			fl |= ALT_FORM;
        -:  573:		case 'x': case 'X':
     2422:  574:			a = fmt_x(arg.i, z, t&32);
     4473:  575:			if (arg.i && (fl & ALT_FORM)) prefix+=(t>>4), pl=2;
     2422:  576:			if (0) {
        -:  577:		case 'o':
      758:  578:			a = fmt_o(arg.i, z);
     1352:  579:			if ((fl&ALT_FORM) && arg.i) prefix+=5, pl=1;
     3938:  580:			} if (0) {
        -:  581:		case 'd': case 'i':
     1407:  582:			pl=1;
     1407:  583:			if (arg.i>INTMAX_MAX) {
      270:  584:				arg.i=-arg.i;
     1407:  585:			} else if (fl & MARK_POS) {
      379:  586:				prefix++;
     1137:  587:			} else if (fl & PAD_POS) {
      233:  588:				prefix+=2;
     2165:  589:			} else pl=0;
        -:  590:		case 'u':
     2158:  591:			a = fmt_u(arg.i, z);
     2158:  592:			}
     8179:  593:			if (p>=0) fl &= ~ZERO_PAD;
     6306:  594:			if (!arg.i && !p) {
    #####:  595:				a=z;
    #####:  596:				break;
        -:  597:			}
    16014:  598:			p = MAX(p, z-a + !arg.i);
     5338:  599:			break;
        -:  600:		case 'c':
      724:  601:			*(a=z-(p=1))=arg.i;
      724:  602:			fl &= ~ZERO_PAD;
      724:  603:			break;
        -:  604:		case 'm':
    #####:  605:			if (1) a = strerror(errno); else
        -:  606:		case 's':
     2022:  607:			a = arg.p ? arg.p : "(null)";
        -:  608:			// z = memchr(a, 0, p);
        -:  609:			// fix from spencer:
     2022:  610:			z = (p >= 0 ? memchr(a, 0, p) : memchr(a, 0, 1000000000000));
     1104:  611:			if (!z) z=a+p;
      244:  612:			else p=z-a;
      674:  613:			fl &= ~ZERO_PAD;
      674:  614:			break;
        -:  615:		case 'C':
      942:  616:			wc[0] = arg.i;
      942:  617:			wc[1] = 0;
      942:  618:			arg.p = wc;
      942:  619:			p = -1;
        -:  620:		case 'S':
     1895:  621:			ws = arg.p;
     7580:  622:			for (i=l=0; i<0U+p && *ws && (l=wctomb(mb, *ws++))>=0 && l<=0U+p-i; i+=l);
     3790:  623:			if (l<0) return -1;
    #####:  624:			p = i;
    #####:  625:			pad(f, ' ', w, p, fl);
    #####:  626:			ws = arg.p;
    #####:  627:			for (i=0; i<0U+p && *ws && i+(l=wctomb(mb, *ws++))<=p; i+=l)
    #####:  628:				out(f, mb, l);
    #####:  629:			pad(f, ' ', w, p, fl^LEFT_ADJ);
    #####:  630:			l = w>p ? w : p;
    #####:  631:			continue;
        -:  632:		case 'e': case 'f': case 'g': case 'a':
        -:  633:		case 'E': case 'F': case 'G': case 'A':
     5646:  634:			l = fmt_fp(f, arg.f, w, p, fl, t);
     5646:  635:			continue;
        -:  636:		}
        -:  637:
     6736:  638:		if (p < z-a) p = z-a;
    12163:  639:		if (w < pl+p) w = pl+p;
        -:  640:
     6736:  641:		pad(f, ' ', w, pl+p, fl);
     6736:  642:		out(f, prefix, pl);
     6736:  643:		pad(f, '0', w, pl+p, fl^ZERO_PAD);
     6736:  644:		pad(f, '0', p, z-a, 0);
     6736:  645:		out(f, a, z-a);
     6736:  646:		pad(f, ' ', w, pl+p, fl^LEFT_ADJ);
        -:  647:
     6736:  648:		l = w;
     6736:  649:	}
        -:  650:
    31635:  651:	if (f) return cnt;
     4293:  652:	if (!l10n) return 0;
        -:  653:
    16545:  654:	for (i=1; i<=NL_ARGMAX && nl_type[i]; i++)
     2726:  655:		pop_arg(nl_arg+i, nl_type[i], ap);
    72703:  656:	for (; i<=NL_ARGMAX && !nl_type[i]; i++);
     2789:  657:	if (i<=NL_ARGMAX) return -1;
     2789:  658:	return 1;
    36042:  659:}
        -:  660:
        -:  661:int musl_vfprintf(MUSL_FILE *restrict f, const char *restrict fmt, va_list ap)
        -:  662:{
        -:  663:	va_list ap2;
    20100:  664:	int nl_type[NL_ARGMAX+1] = {0};
        -:  665:	union arg nl_arg[NL_ARGMAX+1];
    20100:  666:	unsigned char internal_buf[80], *saved_buf = 0;
        -:  667:	int ret;
        -:  668:
        -:  669:	/* the copy allows passing va_list* even if va_list is an array */
    20100:  670:	va_copy(ap2, ap);
    20100:  671:	if (printf_core(0, fmt, &ap2, nl_arg, nl_type) < 0) {
     4158:  672:		va_end(ap2);
     4158:  673:		return -1;
        -:  674:	}
        -:  675:
        -:  676:	// FLOCK(f);
    15942:  677:	if (!f->buf_size) {
    #####:  678:		saved_buf = f->buf;
    #####:  679:		f->wpos = f->wbase = f->buf = internal_buf;
    #####:  680:		f->buf_size = sizeof internal_buf;
    #####:  681:		f->wend = internal_buf + sizeof internal_buf;
    #####:  682:	}
    15942:  683:	ret = printf_core(f, fmt, &ap2, nl_arg, nl_type);
    15942:  684:	if (saved_buf) {
    #####:  685:		f->write(f, 0, 0);
    #####:  686:		if (!f->wpos) ret = -1;
    #####:  687:		f->buf = saved_buf;
    #####:  688:		f->buf_size = 0;
    #####:  689:		f->wpos = f->wbase = f->wend = 0;
    #####:  690:	}
        -:  691:	// FUNLOCK(f);
    15942:  692:	va_end(ap2);
    15942:  693:	return ret;
    20100:  694:}
