        -:    0:Source:../musl-printf-standalone/vfprintf.c
        -:    0:Graph:musl/vfprintf.gcno
        -:    0:Data:musl/vfprintf.gcda
        -:    0:Runs:6506
        -:    0:Programs:6506
        -:    1:// #include "stdio_impl.h"
        -:    2:
        -:    3:#include <errno.h>
        -:    4:#include <ctype.h>
        -:    5:#include <limits.h>
        -:    6:#include <string.h>
        -:    7:#include <stdlib.h>
        -:    8:#include <stdarg.h>
        -:    9:#include <wchar.h>
        -:   10:#include <inttypes.h>
        -:   11:#include <math.h>
        -:   12:#include <float.h>
        -:   13:
        -:   14:#include "musl.h"
        -:   15:
        -:   16:/* Some useful macros */
        -:   17:
        -:   18:#define MAX(a,b) ((a)>(b) ? (a) : (b))
        -:   19:#define MIN(a,b) ((a)<(b) ? (a) : (b))
        -:   20:#define CONCAT2(x,y) x ## y
        -:   21:#define CONCAT(x,y) CONCAT2(x,y)
        -:   22:
        -:   23:/* Convenient bit representation for modifier flags, which all fall
        -:   24: * within 31 codepoints of the space character. */
        -:   25:
        -:   26:#define ALT_FORM   (1U<<'#'-' ')
        -:   27:#define ZERO_PAD   (1U<<'0'-' ')
        -:   28:#define LEFT_ADJ   (1U<<'-'-' ')
        -:   29:#define PAD_POS    (1U<<' '-' ')
        -:   30:#define MARK_POS   (1U<<'+'-' ')
        -:   31:#define GROUPED    (1U<<'\''-' ')
        -:   32:
        -:   33:#define FLAGMASK (ALT_FORM|ZERO_PAD|LEFT_ADJ|PAD_POS|MARK_POS|GROUPED)
        -:   34:
        -:   35:#if UINT_MAX == ULONG_MAX
        -:   36:#define LONG_IS_INT
        -:   37:#endif
        -:   38:
        -:   39:#if SIZE_MAX != ULONG_MAX || UINTMAX_MAX != ULLONG_MAX
        -:   40:#define ODD_TYPES
        -:   41:#endif
        -:   42:
        -:   43:/* State machine to accept length modifiers + conversion specifiers.
        -:   44: * Result is 0 on failure, or an argument type to pop on success. */
        -:   45:
        -:   46:enum {
        -:   47:	BARE, LPRE, LLPRE, HPRE, HHPRE, BIGLPRE,
        -:   48:	ZTPRE, JPRE,
        -:   49:	STOP,
        -:   50:	PTR, INT, UINT, ULLONG,
        -:   51:#ifndef LONG_IS_INT
        -:   52:	LONG, ULONG,
        -:   53:#else
        -:   54:#define LONG INT
        -:   55:#define ULONG UINT
        -:   56:#endif
        -:   57:	SHORT, USHORT, CHAR, UCHAR,
        -:   58:#ifdef ODD_TYPES
        -:   59:	LLONG, SIZET, IMAX, UMAX, PDIFF, UIPTR,
        -:   60:#else
        -:   61:#define LLONG ULLONG
        -:   62:#define SIZET ULONG
        -:   63:#define IMAX LLONG
        -:   64:#define UMAX ULLONG
        -:   65:#define PDIFF LONG
        -:   66:#define UIPTR ULONG
        -:   67:#endif
        -:   68:	DBL, LDBL,
        -:   69:	NOARG,
        -:   70:	MAXSTATE
        -:   71:};
        -:   72:
        -:   73:#define S(x) [(x)-'A']
        -:   74:
        -:   75:static const unsigned char states[]['z'-'A'+1] = {
        -:   76:	{ /* 0: bare types */
        -:   77:		S('d') = INT, S('i') = INT,
        -:   78:		S('o') = UINT, S('u') = UINT, S('x') = UINT, S('X') = UINT,
        -:   79:		S('e') = DBL, S('f') = DBL, S('g') = DBL, S('a') = DBL,
        -:   80:		S('E') = DBL, S('F') = DBL, S('G') = DBL, S('A') = DBL,
        -:   81:		S('c') = CHAR, S('C') = INT,
        -:   82:		S('s') = PTR, S('S') = PTR, S('p') = UIPTR, S('n') = PTR,
        -:   83:		S('m') = NOARG,
        -:   84:		S('l') = LPRE, S('h') = HPRE, S('L') = BIGLPRE,
        -:   85:		S('z') = ZTPRE, S('j') = JPRE, S('t') = ZTPRE,
        -:   86:	}, { /* 1: l-prefixed */
        -:   87:		S('d') = LONG, S('i') = LONG,
        -:   88:		S('o') = ULONG, S('u') = ULONG, S('x') = ULONG, S('X') = ULONG,
        -:   89:		S('e') = DBL, S('f') = DBL, S('g') = DBL, S('a') = DBL,
        -:   90:		S('E') = DBL, S('F') = DBL, S('G') = DBL, S('A') = DBL,
        -:   91:		S('c') = INT, S('s') = PTR, S('n') = PTR,
        -:   92:		S('l') = LLPRE,
        -:   93:	}, { /* 2: ll-prefixed */
        -:   94:		S('d') = LLONG, S('i') = LLONG,
        -:   95:		S('o') = ULLONG, S('u') = ULLONG,
        -:   96:		S('x') = ULLONG, S('X') = ULLONG,
        -:   97:		S('n') = PTR,
        -:   98:	}, { /* 3: h-prefixed */
        -:   99:		S('d') = SHORT, S('i') = SHORT,
        -:  100:		S('o') = USHORT, S('u') = USHORT,
        -:  101:		S('x') = USHORT, S('X') = USHORT,
        -:  102:		S('n') = PTR,
        -:  103:		S('h') = HHPRE,
        -:  104:	}, { /* 4: hh-prefixed */
        -:  105:		S('d') = CHAR, S('i') = CHAR,
        -:  106:		S('o') = UCHAR, S('u') = UCHAR,
        -:  107:		S('x') = UCHAR, S('X') = UCHAR,
        -:  108:		S('n') = PTR,
        -:  109:	}, { /* 5: L-prefixed */
        -:  110:		S('e') = LDBL, S('f') = LDBL, S('g') = LDBL, S('a') = LDBL,
        -:  111:		S('E') = LDBL, S('F') = LDBL, S('G') = LDBL, S('A') = LDBL,
        -:  112:		S('n') = PTR,
        -:  113:	}, { /* 6: z- or t-prefixed (assumed to be same size) */
        -:  114:		S('d') = PDIFF, S('i') = PDIFF,
        -:  115:		S('o') = SIZET, S('u') = SIZET,
        -:  116:		S('x') = SIZET, S('X') = SIZET,
        -:  117:		S('n') = PTR,
        -:  118:	}, { /* 7: j-prefixed */
        -:  119:		S('d') = IMAX, S('i') = IMAX,
        -:  120:		S('o') = UMAX, S('u') = UMAX,
        -:  121:		S('x') = UMAX, S('X') = UMAX,
        -:  122:		S('n') = PTR,
        -:  123:	}
        -:  124:};
        -:  125:
        -:  126:#define OOB(x) ((unsigned)(x)-'A' > 'z'-'A')
        -:  127:
        -:  128:union arg
        -:  129:{
        -:  130:	uintmax_t i;
        -:  131:	long double f;
        -:  132:	void *p;
        -:  133:};
        -:  134:
function pop_arg called 17678616 returned 100% blocks executed 96%
 17678616:  135:static void pop_arg(union arg *arg, int type, va_list *ap)
        -:  136:{
        -:  137:	/* Give the compiler a hint for optimizing the switch. */
 35357232:  138:	if ((unsigned)type > MAXSTATE) return;
branch  0 taken 0% (fallthrough)
branch  1 taken 100%
 17678616:  139:	switch (type) {
branch  0 taken 15%
branch  1 taken 21%
branch  2 taken 3%
branch  3 taken 9%
branch  4 taken 14%
branch  5 taken 14%
branch  6 taken 2%
branch  7 taken 3%
branch  8 taken 4%
branch  9 taken 1%
branch 10 taken 11%
branch 11 taken 5%
branch 12 taken 0%
  2631801:  140:	       case PTR:	arg->p = va_arg(*ap, void *);
branch  0 taken 85% (fallthrough)
branch  1 taken 15%
  2631801:  141:	break; case INT:	arg->i = va_arg(*ap, int);
branch  0 taken 76% (fallthrough)
branch  1 taken 24%
  3655791:  142:	break; case UINT:	arg->i = va_arg(*ap, unsigned int);
branch  0 taken 81% (fallthrough)
branch  1 taken 19%
        -:  143:#ifndef LONG_IS_INT
   477759:  144:	break; case LONG:	arg->i = va_arg(*ap, long);
branch  0 taken 81% (fallthrough)
branch  1 taken 19%
  1593475:  145:	break; case ULONG:	arg->i = va_arg(*ap, unsigned long);
branch  0 taken 83% (fallthrough)
branch  1 taken 17%
        -:  146:#endif
  2388691:  147:	break; case ULLONG:	arg->i = va_arg(*ap, unsigned long long);
branch  0 taken 81% (fallthrough)
branch  1 taken 19%
  2390729:  148:	break; case SHORT:	arg->i = (short)va_arg(*ap, int);
branch  0 taken 81% (fallthrough)
branch  1 taken 19%
   318329:  149:	break; case USHORT:	arg->i = (unsigned short)va_arg(*ap, int);
branch  0 taken 81% (fallthrough)
branch  1 taken 19%
   476581:  150:	break; case CHAR:	arg->i = (signed char)va_arg(*ap, int);
branch  0 taken 83% (fallthrough)
branch  1 taken 17%
   637340:  151:	break; case UCHAR:	arg->i = (unsigned char)va_arg(*ap, int);
branch  0 taken 81% (fallthrough)
branch  1 taken 19%
        -:  152:#ifdef ODD_TYPES
        -:  153:	break; case LLONG:	arg->i = va_arg(*ap, long long);
        -:  154:	break; case SIZET:	arg->i = va_arg(*ap, size_t);
        -:  155:	break; case IMAX:	arg->i = va_arg(*ap, intmax_t);
        -:  156:	break; case UMAX:	arg->i = va_arg(*ap, uintmax_t);
        -:  157:	break; case PDIFF:	arg->i = va_arg(*ap, ptrdiff_t);
        -:  158:	break; case UIPTR:	arg->i = (uintptr_t)va_arg(*ap, void *);
        -:  159:#endif
   237885:  160:	break; case DBL:	arg->f = va_arg(*ap, double);
branch  0 taken 100% (fallthrough)
branch  1 taken 0%
  1913578:  161:	break; case LDBL:	arg->f = va_arg(*ap, long double);
        -:  162:	}
        -:  163:}
        -:  164:
function out called 75804579 returned 100% blocks executed 100%
 75804579:  165:static void out(MUSL_FILE *f, const char *s, size_t l)
        -:  166:{
 75804579:  167:	__fwritex((void *)s, l, f);
call    0 returned 100%
 75804579:  168:}
        -:  169:
function pad called 54362776 returned 100% blocks executed 80%
 54362776:  170:static void pad(MUSL_FILE *f, char c, int w, int l, int fl)
        -:  171:{
        -:  172:	char pad[256];
108725552:  173:	if (fl & (LEFT_ADJ | ZERO_PAD) || l >= w) return;
branch  0 taken 50% (fallthrough)
branch  1 taken 50%
branch  2 taken 83% (fallthrough)
branch  3 taken 17%
  4537993:  174:	l = w - l;
  4537993:  175:	memset(pad, c, l>sizeof pad ? sizeof pad : l);
  4537993:  176:	for (; l >= sizeof pad; l -= sizeof pad)
branch  0 taken 0%
branch  1 taken 100% (fallthrough)
    #####:  177:		out(f, pad, sizeof pad);
call    0 never executed
  4537993:  178:	out(f, pad, l);
call    0 returned 100%
        -:  179:}
        -:  180:
        -:  181:static const char xdigits[16] = {
        -:  182:	"0123456789ABCDEF"
        -:  183:};
        -:  184:
function fmt_x called 2985168 returned 100% blocks executed 100%
  2985168:  185:static char *fmt_x(uintmax_t x, char *s, int lower)
        -:  186:{
  2985168:  187:	for (; x; x>>=4) *--s = xdigits[(x&15)]|lower;
branch  0 taken 90%
branch  1 taken 10% (fallthrough)
  2985168:  188:	return s;
        -:  189:}
        -:  190:
function fmt_o called 1014213 returned 100% blocks executed 100%
  1014213:  191:static char *fmt_o(uintmax_t x, char *s)
        -:  192:{
  1014213:  193:	for (; x; x>>=3) *--s = '0' + (x&7);
branch  0 taken 93%
branch  1 taken 7% (fallthrough)
  1014213:  194:	return s;
        -:  195:}
        -:  196:
function fmt_u called 13045468 returned 100% blocks executed 100%
 13045468:  197:static char *fmt_u(uintmax_t x, char *s)
        -:  198:{
        -:  199:	unsigned long y;
 13045468:  200:	for (   ; x>ULONG_MAX; x/=10) *--s = '0' + x%10;
 13045468:  201:	for (y=x;           y; y/=10) *--s = '0' + y%10;
branch  0 taken 89%
branch  1 taken 11% (fallthrough)
 13045468:  202:	return s;
        -:  203:}
        -:  204:
        -:  205:/* Do not override this check. The floating point printing code below
        -:  206: * depends on the float.h constants being right. If they are wrong, it
        -:  207: * may overflow the stack. */
        -:  208:#if LDBL_MANT_DIG == 53
        -:  209:typedef char compiler_defines_long_double_incorrectly[9-(int)sizeof(long double)];
        -:  210:#endif
        -:  211:
function fmt_fp called 2870235 returned 100% blocks executed 99%
  2870235:  212:static int fmt_fp(MUSL_FILE *f, long double y, int w, int p, int fl, int t)
        -:  213:{
        -:  214:	uint32_t big[(LDBL_MANT_DIG+28)/29 + 1          // mantissa expansion
        -:  215:		+ (LDBL_MAX_EXP+LDBL_MANT_DIG+28+8)/9]; // exponent expansion
        -:  216:	uint32_t *a, *d, *r, *z;
  2870235:  217:	int e2=0, e, i, j, l;
        -:  218:	char buf[9+LDBL_MANT_DIG/4], *s;
  2870235:  219:	const char *prefix="-0X+0X 0X-0x+0x 0x";
        -:  220:	int pl;
  2870235:  221:	char ebuf0[3*sizeof(int)], *ebuf=&ebuf0[3*sizeof(int)], *estr;
        -:  222:
  2870235:  223:	pl=1;
  2870235:  224:	if (signbit(y)) {
call    0 returned 100%
branch  1 taken 45% (fallthrough)
branch  2 taken 55%
  1286334:  225:		y=-y;
  1583901:  226:	} else if (fl & MARK_POS) {
branch  0 taken 9% (fallthrough)
branch  1 taken 91%
   142735:  227:		prefix+=3;
  1441166:  228:	} else if (fl & PAD_POS) {
branch  0 taken 7% (fallthrough)
branch  1 taken 93%
    99290:  229:		prefix+=6;
  1341876:  230:	} else prefix++, pl=0;
        -:  231:
  2870235:  232:	if (!isfinite(y)) {
call    0 returned 100%
branch  1 taken 19% (fallthrough)
branch  2 taken 81%
   547174:  233:		char *s = (t&32)?"inf":"INF";
branch  0 taken 50% (fallthrough)
branch  1 taken 50%
   547174:  234:		if (y!=y) s=(t&32)?"nan":"NAN", pl=0;
branch  0 taken 53% (fallthrough)
branch  1 taken 47%
branch  2 taken 50% (fallthrough)
branch  3 taken 50%
   547174:  235:		pad(f, ' ', w, 3+pl, fl&~ZERO_PAD);
call    0 returned 100%
   547174:  236:		out(f, prefix, pl);
call    0 returned 100%
   547174:  237:		out(f, s, 3);
call    0 returned 100%
   547174:  238:		pad(f, ' ', w, 3+pl, fl^LEFT_ADJ);
call    0 returned 100%
   547174:  239:		return MAX(w, 3+pl);
        -:  240:	}
        -:  241:
  2323061:  242:	y = frexpl(y, &e2) * 2;
  2323061:  243:	if (y) e2--;
branch  0 taken 100% (fallthrough)
branch  1 taken 0%
        -:  244:
  2323061:  245:	if ((t|32)=='a') {
branch  0 taken 25% (fallthrough)
branch  1 taken 75%
   581123:  246:		long double round = 8.0;
        -:  247:		int re;
        -:  248:
   581123:  249:		if (t&32) prefix += 9;
branch  0 taken 50% (fallthrough)
branch  1 taken 50%
   581123:  250:		pl += 2;
        -:  251:
   581123:  252:		if (p<0 || p>=LDBL_MANT_DIG/4-1) re=0;
branch  0 taken 30% (fallthrough)
branch  1 taken 70%
branch  2 taken 68% (fallthrough)
branch  3 taken 32%
    56387:  253:		else re=LDBL_MANT_DIG/4-1-p;
        -:  254:
   581123:  255:		if (re) {
branch  0 taken 10% (fallthrough)
branch  1 taken 90%
    56387:  256:			while (re--) round*=16;
branch  0 taken 91%
branch  1 taken 9% (fallthrough)
    56387:  257:			if (*prefix=='-') {
branch  0 taken 50% (fallthrough)
branch  1 taken 50%
    28342:  258:				y=-y;
    28342:  259:				y-=round;
    28342:  260:				y+=round;
    28342:  261:				y=-y;
        -:  262:			} else {
    28045:  263:				y+=round;
    28045:  264:				y-=round;
        -:  265:			}
        -:  266:		}
        -:  267:
   581123:  268:		estr=fmt_u(e2<0 ? -e2 : e2, ebuf);
call    0 returned 100%
   581123:  269:		if (estr==ebuf) *--estr='0';
branch  0 taken 1% (fallthrough)
branch  1 taken 99%
   581123:  270:		*--estr = (e2<0 ? '-' : '+');
branch  0 taken 50% (fallthrough)
branch  1 taken 50%
   581123:  271:		*--estr = t+('p'-'a');
        -:  272:
   581123:  273:		s=buf;
        -:  274:		do {
  6883441:  275:			int x=y;
  6883441:  276:			*s++=xdigits[x]|(t&32);
  6883441:  277:			y=16*(y-x);
  6883441:  278:			if (s-buf==1 && (y||p>0||(fl&ALT_FORM))) *s++='.';
branch  0 taken 8% (fallthrough)
branch  1 taken 92%
branch  2 taken 3% (fallthrough)
branch  3 taken 97%
branch  4 taken 99% (fallthrough)
branch  5 taken 1%
branch  6 taken 9% (fallthrough)
branch  7 taken 91%
  6883441:  279:		} while (y);
branch  0 taken 92%
branch  1 taken 8% (fallthrough)
        -:  280:
   581123:  281:		if (p && s-buf-2 < p)
branch  0 taken 97% (fallthrough)
branch  1 taken 3%
branch  2 taken 22% (fallthrough)
branch  3 taken 78%
   125978:  282:			l = (p+2) + (ebuf-estr);
        -:  283:		else
   455145:  284:			l = (s-buf) + (ebuf-estr);
        -:  285:
   581123:  286:		pad(f, ' ', w, pl+l, fl);
call    0 returned 100%
   581123:  287:		out(f, prefix, pl);
call    0 returned 100%
   581123:  288:		pad(f, '0', w, pl+l, fl^ZERO_PAD);
call    0 returned 100%
   581123:  289:		out(f, buf, s-buf);
call    0 returned 100%
   581123:  290:		pad(f, '0', l-(ebuf-estr)-(s-buf), 0, 0);
call    0 returned 100%
   581123:  291:		out(f, estr, ebuf-estr);
call    0 returned 100%
   581123:  292:		pad(f, ' ', w, pl+l, fl^LEFT_ADJ);
call    0 returned 100%
   581123:  293:		return MAX(w, pl+l);
        -:  294:	}
  1741938:  295:	if (p<0) p=6;
branch  0 taken 70% (fallthrough)
branch  1 taken 30%
        -:  296:
  1741938:  297:	if (y) y *= 0x1p28, e2-=28;
branch  0 taken 100% (fallthrough)
branch  1 taken 0%
        -:  298:
  1741938:  299:	if (e2<0) a=r=z=big;
branch  0 taken 55% (fallthrough)
branch  1 taken 45%
   789266:  300:	else a=r=z=big+sizeof(big)/sizeof(*big) - LDBL_MANT_DIG - 1;
        -:  301:
        -:  302:	do {
  5790471:  303:		*z = y;
  5790471:  304:		y = 1000000000*(y-*z++);
  5790471:  305:	} while (y);
branch  0 taken 70%
branch  1 taken 30% (fallthrough)
        -:  306:
 13823269:  307:	while (e2>0) {
branch  0 taken 86%
branch  1 taken 14% (fallthrough)
 10339393:  308:		uint32_t carry=0;
 10339393:  309:		int sh=MIN(29,e2);
133822192:  310:		for (d=z-1; d>=a; d--) {
branch  0 taken 92%
branch  1 taken 8% (fallthrough)
123482799:  311:			uint64_t x = ((uint64_t)*d<<sh)+carry;
123482799:  312:			*d = x % 1000000000;
123482799:  313:			carry = x / 1000000000;
        -:  314:		}
 10339393:  315:		if (!z[-1] && z>a) z--;
branch  0 taken 18% (fallthrough)
branch  1 taken 82%
branch  2 taken 100% (fallthrough)
branch  3 taken 0%
 10339393:  316:		if (carry) *--a = carry;
branch  0 taken 97% (fallthrough)
branch  1 taken 3%
 10339393:  317:		e2-=sh;
        -:  318:	}
 41956207:  319:	while (e2<0) {
branch  0 taken 96%
branch  1 taken 4% (fallthrough)
 38472331:  320:		uint32_t carry=0, *b;
 38472331:  321:		int sh=MIN(9,-e2), need=1+(p+LDBL_MANT_DIG/3+8)/9;
171595694:  322:		for (d=a; d<z; d++) {
branch  0 taken 78%
branch  1 taken 22% (fallthrough)
133123363:  323:			uint32_t rm = *d & (1<<sh)-1;
133123363:  324:			*d = (*d>>sh) + carry;
133123363:  325:			carry = (1000000000>>sh) * rm;
        -:  326:		}
 38472331:  327:		if (!*a) a++;
branch  0 taken 22% (fallthrough)
branch  1 taken 78%
 38472331:  328:		if (carry) *z++ = carry;
branch  0 taken 77% (fallthrough)
branch  1 taken 23%
        -:  329:		/* Avoid (slow!) computation past requested precision */
 38472331:  330:		b = (t|32)=='f' ? r : a;
branch  0 taken 33% (fallthrough)
branch  1 taken 67%
 38472331:  331:		if (z-b > need) z = b+need;
branch  0 taken 54% (fallthrough)
branch  1 taken 46%
 38472331:  332:		e2+=sh;
        -:  333:	}
        -:  334:
  1741938:  335:	if (a<z) for (i=10, e=9*(r-a); *a>=i; i*=10, e++);
branch  0 taken 89% (fallthrough)
branch  1 taken 11%
branch  2 taken 80%
branch  3 taken 20%
   194311:  336:	else e=0;
        -:  337:
        -:  338:	/* Perform rounding: j is precision after the radix (possibly neg) */
  1741938:  339:	j = p - ((t|32)!='f')*e - ((t|32)=='g' && p);
branch  0 taken 33% (fallthrough)
branch  1 taken 67%
branch  2 taken 97% (fallthrough)
branch  3 taken 3%
  1741938:  340:	if (j < 9*(z-r-1)) {
branch  0 taken 82% (fallthrough)
branch  1 taken 18%
        -:  341:		uint32_t x;
        -:  342:		/* We avoid C's broken division of negative numbers */
  1434901:  343:		d = r + 1 + ((j+9*LDBL_MAX_EXP)/9 - LDBL_MAX_EXP);
  1434901:  344:		j += 9*LDBL_MAX_EXP;
  1434901:  345:		j %= 9;
  1434901:  346:		for (i=10, j++; j<9; i*=10, j++);
branch  0 taken 79%
branch  1 taken 21% (fallthrough)
  1434901:  347:		x = *d % i;
        -:  348:		/* Are there any significant digits past j? */
  1434901:  349:		if (x || d+1!=z) {
branch  0 taken 19% (fallthrough)
branch  1 taken 81%
branch  2 taken 95% (fallthrough)
branch  3 taken 5%
  1422141:  350:			long double round = CONCAT(0x1p,LDBL_MANT_DIG);
        -:  351:			long double small;
  1422141:  352:			if (*d/i & 1) round += 2;
branch  0 taken 37% (fallthrough)
branch  1 taken 63%
  1422141:  353:			if (x<i/2) small=0x0.8p0;
branch  0 taken 59% (fallthrough)
branch  1 taken 41%
   581554:  354:			else if (x==i/2 && d+1==z) small=0x1.0p0;
branch  0 taken 3% (fallthrough)
branch  1 taken 97%
branch  2 taken 14% (fallthrough)
branch  3 taken 86%
   579355:  355:			else small=0x1.8p0;
  1422141:  356:			if (pl && *prefix=='-') round*=-1, small*=-1;
branch  0 taken 58% (fallthrough)
branch  1 taken 42%
branch  2 taken 87% (fallthrough)
branch  3 taken 13%
  1422141:  357:			*d -= x;
        -:  358:			/* Decide whether to round by probing round+small */
  1422141:  359:			if (round+small != round) {
branch  0 taken 41% (fallthrough)
branch  1 taken 59%
   580165:  360:				*d = *d + i;
  1229462:  361:				while (*d > 999999999) {
branch  0 taken 11%
branch  1 taken 89% (fallthrough)
    69132:  362:					*d--=0;
    69132:  363:					(*d)++;
        -:  364:				}
   580165:  365:				if (d<a) a=d;
branch  0 taken 1% (fallthrough)
branch  1 taken 99%
   580165:  366:				for (i=10, e=9*(r-a); *a>=i; i*=10, e++);
branch  0 taken 80%
branch  1 taken 20% (fallthrough)
        -:  367:			}
        -:  368:		}
  1434901:  369:		if (z>d+1) z=d+1;
branch  0 taken 96% (fallthrough)
branch  1 taken 4%
  1434901:  370:		for (; !z[-1] && z>a; z--);
branch  0 taken 23% (fallthrough)
branch  1 taken 77%
branch  2 taken 26%
branch  3 taken 74% (fallthrough)
        -:  371:	}
        -:  372:	
  1741938:  373:	if ((t|32)=='g') {
branch  0 taken 33% (fallthrough)
branch  1 taken 67%
   581261:  374:		if (!p) p++;
branch  0 taken 3% (fallthrough)
branch  1 taken 97%
   581261:  375:		if (p>e && e>=-4) {
branch  0 taken 56% (fallthrough)
branch  1 taken 44%
branch  2 taken 15% (fallthrough)
branch  3 taken 85%
    48205:  376:			t--;
    48205:  377:			p-=e+1;
        -:  378:		} else {
   533056:  379:			t-=2;
   533056:  380:			p--;
        -:  381:		}
   581261:  382:		if (!(fl&ALT_FORM)) {
branch  0 taken 91% (fallthrough)
branch  1 taken 9%
        -:  383:			/* Count trailing zeros in last place */
   529164:  384:			if (z>a && z[-1]) for (i=10, j=0; z[-1]%i==0; i*=10, j++);
branch  0 taken 100% (fallthrough)
branch  1 taken 0%
branch  2 taken 99% (fallthrough)
branch  3 taken 1%
branch  4 taken 80%
branch  5 taken 20% (fallthrough)
     1045:  385:			else j=9;
   529164:  386:			if ((t|32)=='f')
branch  0 taken 8% (fallthrough)
branch  1 taken 92%
    43841:  387:				p = MIN(p,MAX(0,9*(z-r-1)-j));
        -:  388:			else
   485323:  389:				p = MIN(p,MAX(0,9*(z-r-1)+e-j));
        -:  390:		}
        -:  391:	}
  1741938:  392:	l = 1 + p + (p || (fl&ALT_FORM));
branch  0 taken 5% (fallthrough)
branch  1 taken 95%
branch  2 taken 7% (fallthrough)
branch  3 taken 93%
  1741938:  393:	if ((t|32)=='f') {
branch  0 taken 36% (fallthrough)
branch  1 taken 64%
   628790:  394:		if (e>0) l+=e;
branch  0 taken 51% (fallthrough)
branch  1 taken 49%
        -:  395:	} else {
  1113148:  396:		estr=fmt_u(e<0 ? -e : e, ebuf);
call    0 returned 100%
  1113148:  397:		while(ebuf-estr<2) *--estr='0';
branch  0 taken 7%
branch  1 taken 93% (fallthrough)
  1113148:  398:		*--estr = (e<0 ? '-' : '+');
branch  0 taken 51% (fallthrough)
branch  1 taken 49%
  1113148:  399:		*--estr = t;
  1113148:  400:		l += ebuf-estr;
        -:  401:	}
        -:  402:
  1741938:  403:	pad(f, ' ', w, pl+l, fl);
call    0 returned 100%
  1741938:  404:	out(f, prefix, pl);
call    0 returned 100%
  1741938:  405:	pad(f, '0', w, pl+l, fl^ZERO_PAD);
call    0 returned 100%
        -:  406:
  1741938:  407:	if ((t|32)=='f') {
branch  0 taken 36% (fallthrough)
branch  1 taken 64%
   628790:  408:		if (a>r) a=r;
branch  0 taken 48% (fallthrough)
branch  1 taken 52%
  4618496:  409:		for (d=a; d<=r; d++) {
branch  0 taken 86%
branch  1 taken 14% (fallthrough)
  3989706:  410:			char *s = fmt_u(*d, buf+9);
call    0 returned 100%
  3989706:  411:			if (d!=a) while (s>buf) *--s='0';
branch  0 taken 84% (fallthrough)
branch  1 taken 16%
branch  2 taken 11%
branch  3 taken 89%
   628790:  412:			else if (s==buf+9) *--s='0';
branch  0 taken 48% (fallthrough)
branch  1 taken 52%
  3989706:  413:			out(f, s, buf+9-s);
call    0 returned 100%
        -:  414:		}
   628790:  415:		if (p || (fl&ALT_FORM)) out(f, ".", 1);
branch  0 taken 6% (fallthrough)
branch  1 taken 94%
branch  2 taken 6% (fallthrough)
branch  3 taken 94%
call    4 returned 100%
  1193140:  416:		for (; d<z && p>0; d++, p-=9) {
branch  0 taken 49% (fallthrough)
branch  1 taken 51%
branch  2 taken 97%
branch  3 taken 3% (fallthrough)
   564350:  417:			char *s = fmt_u(*d, buf+9);
call    0 returned 100%
   564350:  418:			while (s>buf) *--s='0';
branch  0 taken 87%
branch  1 taken 13% (fallthrough)
   564350:  419:			out(f, s, MIN(9,p));
call    0 returned 100%
        -:  420:		}
   628790:  421:		pad(f, '0', p+9, 9, 0);
call    0 returned 100%
        -:  422:	} else {
  1113148:  423:		if (z<=a) z=a+1;
branch  0 taken 0% (fallthrough)
branch  1 taken 100%
  3547858:  424:		for (d=a; d<z && p>=0; d++) {
branch  0 taken 69% (fallthrough)
branch  1 taken 31%
branch  2 taken 100%
branch  3 taken 0% (fallthrough)
  2434710:  425:			char *s = fmt_u(*d, buf+9);
call    0 returned 100%
  2434710:  426:			if (s==buf+9) *--s='0';
branch  0 taken 1% (fallthrough)
branch  1 taken 99%
  2434710:  427:			if (d!=a) while (s>buf) *--s='0';
branch  0 taken 54% (fallthrough)
branch  1 taken 46%
branch  2 taken 12%
branch  3 taken 88%
        -:  428:			else {
  1113148:  429:				out(f, s++, 1);
call    0 returned 100%
  1113148:  430:				if (p>0||(fl&ALT_FORM)) out(f, ".", 1);
branch  0 taken 4% (fallthrough)
branch  1 taken 96%
branch  2 taken 9% (fallthrough)
branch  3 taken 91%
call    4 returned 100%
        -:  431:			}
  2434710:  432:			out(f, s, MIN(buf+9-s, p));
call    0 returned 100%
  2434710:  433:			p -= buf+9-s;
        -:  434:		}
  1113148:  435:		pad(f, '0', p+18, 18, 0);
call    0 returned 100%
  1113148:  436:		out(f, estr, ebuf-estr);
call    0 returned 100%
        -:  437:	}
        -:  438:
  1741938:  439:	pad(f, ' ', w, pl+l, fl^LEFT_ADJ);
call    0 returned 100%
        -:  440:
  1741938:  441:	return MAX(w, pl+l);
        -:  442:}
        -:  443:
function getint called 23483328 returned 100% blocks executed 100%
 23483328:  444:static int getint(char **s) {
        -:  445:	int i;
 29239370:  446:	for (i=0; isdigit(**s); (*s)++)
call    0 returned 100%
branch  1 taken 20%
branch  2 taken 80% (fallthrough)
  5756042:  447:		i = 10*i + (**s-'0');
 23483328:  448:	return i;
        -:  449:}
        -:  450:
function printf_core called 13010270 returned 100% blocks executed 95%
 13010270:  451:static int printf_core(MUSL_FILE *f, const char *fmt, va_list *ap, union arg *nl_arg, int *nl_type)
        -:  452:{
 13010270:  453:	char *a, *z, *s=(char *)fmt;
 13010270:  454:	unsigned l10n=0, fl;
        -:  455:	int w, p;
        -:  456:	union arg arg;
        -:  457:	int argpos;
        -:  458:	unsigned st, ps;
 13010270:  459:	int cnt=0, l=0;
        -:  460:	int i;
        -:  461:	char buf[sizeof(uintmax_t)*3+3+LDBL_MANT_DIG/4];
        -:  462:	const char *prefix;
        -:  463:	int t, pl;
        -:  464:	wchar_t wc[2], *ws;
        -:  465:	char mb[4];
        -:  466:
        -:  467:	for (;;) {
        -:  468:		/* Update output count, end loop when fmt is exhausted */
 43695248:  469:		if (cnt >= 0) {
branch  0 taken 100% (fallthrough)
branch  1 taken 0%
 43695248:  470:			if (l > INT_MAX - cnt) {
branch  0 taken 0% (fallthrough)
branch  1 taken 100%
    #####:  471:				errno = EOVERFLOW;
call    0 never executed
    #####:  472:				cnt = -1;
 43695248:  473:			} else cnt += l;
        -:  474:		}
 43695248:  475:		if (!*s) break;
branch  0 taken 20% (fallthrough)
branch  1 taken 80%
        -:  476:
        -:  477:		/* Handle literal text and %% format specifiers */
 34954541:  478:		for (a=s; *s && *s!='%'; s++);
branch  0 taken 80% (fallthrough)
branch  1 taken 20%
branch  2 taken 25%
branch  3 taken 75% (fallthrough)
 34954541:  479:		for (z=s; s[0]=='%' && s[1]=='%'; z++, s+=2);
branch  0 taken 75% (fallthrough)
branch  1 taken 25%
branch  2 taken 0%
branch  3 taken 100% (fallthrough)
 34954541:  480:		l = z-a;
 34954541:  481:		if (f) out(f, a, l);
branch  0 taken 65% (fallthrough)
branch  1 taken 35%
call    2 returned 100%
 34954541:  482:		if (l) continue;
branch  0 taken 25% (fallthrough)
branch  1 taken 75%
        -:  483:
 26213834:  484:		if (isdigit(s[1]) && s[2]=='$') {
call    0 returned 100%
branch  1 taken 47% (fallthrough)
branch  2 taken 53%
branch  3 taken 83% (fallthrough)
branch  4 taken 17%
 10200706:  485:			l10n=1;
 10200706:  486:			argpos = s[1]-'0';
 10200706:  487:			s+=3;
        -:  488:		} else {
 16013128:  489:			argpos = -1;
 16013128:  490:			s++;
        -:  491:		}
        -:  492:
        -:  493:		/* Read modifier flags */
 32082212:  494:		for (fl=0; (unsigned)*s-' '<32 && (FLAGMASK&(1U<<*s-' ')); s++)
branch  0 taken 49% (fallthrough)
branch  1 taken 51%
branch  2 taken 37%
branch  3 taken 63% (fallthrough)
  5868378:  495:			fl |= 1U<<*s-' ';
        -:  496:
        -:  497:		/* Read field width */
 26213834:  498:		if (*s=='*') {
branch  0 taken 16% (fallthrough)
branch  1 taken 84%
  4324586:  499:			if (isdigit(s[1]) && s[2]=='$') {
call    0 returned 100%
branch  1 taken 58% (fallthrough)
branch  2 taken 42%
branch  3 taken 99% (fallthrough)
branch  4 taken 1%
  2526749:  500:				l10n=1;
  2526749:  501:				nl_type[s[1]-'0'] = INT;
  2526749:  502:				w = nl_arg[s[1]-'0'].i;
  2526749:  503:				s+=3;
  1797837:  504:			} else if (!l10n) {
branch  0 taken 99% (fallthrough)
branch  1 taken 1%
  1797299:  505:				w = f ? va_arg(*ap, int) : 0;
branch  0 taken 71% (fallthrough)
branch  1 taken 29%
branch  2 taken 82% (fallthrough)
branch  3 taken 18%
  1797299:  506:				s++;
      538:  507:			} else return -1;
  4324048:  508:			if (w<0) fl|=LEFT_ADJ, w=-w;
branch  0 taken 12% (fallthrough)
branch  1 taken 88%
 21889248:  509:		} else if ((w=getint(&s))<0) return -1;
call    0 returned 100%
branch  1 taken 0% (fallthrough)
branch  2 taken 100%
        -:  510:
        -:  511:		/* Read precision */
 26213296:  512:		if (*s=='.' && s[1]=='*') {
branch  0 taken 21% (fallthrough)
branch  1 taken 79%
branch  2 taken 71% (fallthrough)
branch  3 taken 29%
  7670112:  513:			if (isdigit(s[2]) && s[3]=='$') {
call    0 returned 100%
branch  1 taken 58% (fallthrough)
branch  2 taken 42%
branch  3 taken 99% (fallthrough)
branch  4 taken 1%
  2239830:  514:				nl_type[s[2]-'0'] = INT;
  2239830:  515:				p = nl_arg[s[2]-'0'].i;
  2239830:  516:				s+=4;
  1595464:  517:			} else if (!l10n) {
branch  0 taken 99% (fallthrough)
branch  1 taken 1%
  1594988:  518:				p = f ? va_arg(*ap, int) : 0;
branch  0 taken 70% (fallthrough)
branch  1 taken 30%
branch  2 taken 77% (fallthrough)
branch  3 taken 23%
  1594988:  519:				s+=2;
      476:  520:			} else return -1;
 22378002:  521:		} else if (*s=='.') {
branch  0 taken 7% (fallthrough)
branch  1 taken 93%
  1594080:  522:			s++;
  1594080:  523:			p = getint(&s);
call    0 returned 100%
 20783922:  524:		} else p = -1;
        -:  525:
        -:  526:		/* Format specifier state machine */
 26212820:  527:		st=0;
        -:  528:		do {
 45481548:  529:			if (OOB(*s)) return -1;
branch  0 taken 1% (fallthrough)
branch  1 taken 99%
 45480832:  530:			ps=st;
 45480832:  531:			st=states[st]S(*s++);
 45480832:  532:		} while (st-1<STOP);
branch  0 taken 42%
branch  1 taken 58% (fallthrough)
 26212104:  533:		if (!st) return -1;
branch  0 taken 0% (fallthrough)
branch  1 taken 100%
        -:  534:
        -:  535:		/* Check validity of argument type (nl/normal) */
 26212104:  536:		if (st==NOARG) {
branch  0 taken 6% (fallthrough)
branch  1 taken 94%
  1545935:  537:			if (argpos>=0) return -1;
branch  0 taken 0% (fallthrough)
branch  1 taken 100%
        -:  538:		} else {
 24666169:  539:			if (argpos>=0) nl_type[argpos]=st, arg=nl_arg[argpos];
branch  0 taken 41% (fallthrough)
branch  1 taken 59%
 14466477:  540:			else if (f) pop_arg(&arg, st, ap);
branch  0 taken 70% (fallthrough)
branch  1 taken 30%
call    2 returned 100%
  4267833:  541:			else return 0;
        -:  542:		}
        -:  543:
 21944271:  544:		if (!f) continue;
branch  0 taken 26% (fallthrough)
branch  1 taken 74%
        -:  545:
 16256187:  546:		z = buf + sizeof(buf);
 16256187:  547:		prefix = "-+   0X0x";
 16256187:  548:		pl = 0;
 16256187:  549:		t = s[-1];
        -:  550:
        -:  551:		/* Transform ls,lc -> S,C */
 16256187:  552:		if (ps && (t&15)==3) t&=~32;
branch  0 taken 65% (fallthrough)
branch  1 taken 35%
branch  2 taken 14% (fallthrough)
branch  3 taken 86%
        -:  553:
        -:  554:		/* - and 0 flags are mutually exclusive */
 16256187:  555:		if (fl & LEFT_ADJ) fl &= ~ZERO_PAD;
branch  0 taken 8% (fallthrough)
branch  1 taken 92%
        -:  556:
 16256187:  557:		switch(t) {
branch  0 taken 10%
branch  1 taken 6%
branch  2 taken 12%
branch  3 taken 6%
branch  4 taken 21%
branch  5 taken 6%
branch  6 taken 3%
branch  7 taken 6%
branch  8 taken 3%
branch  9 taken 6%
branch 10 taken 3%
branch 11 taken 18%
branch 12 taken 0%
        -:  558:		case 'n':
  1674716:  559:			switch(ps) {
branch  0 taken 10%
branch  1 taken 10%
branch  2 taken 10%
branch  3 taken 10%
branch  4 taken 5%
branch  5 taken 38%
branch  6 taken 19%
branch  7 taken 0%
   159756:  560:			case BARE: *(int *)arg.p = cnt; break;
   159362:  561:			case LPRE: *(long *)arg.p = cnt; break;
   160128:  562:			case LLPRE: *(long long *)arg.p = cnt; break;
   160462:  563:			case HPRE: *(unsigned short *)arg.p = cnt; break;
    79463:  564:			case HHPRE: *(unsigned char *)arg.p = cnt; break;
   636749:  565:			case ZTPRE: *(size_t *)arg.p = cnt; break;
   318796:  566:			case JPRE: *(uintmax_t *)arg.p = cnt; break;
        -:  567:			}
  1674716:  568:			continue;
        -:  569:		case 'p':
   954873:  570:			p = MAX(p, 2*sizeof(void*));
   954873:  571:			t = 'x';
   954873:  572:			fl |= ALT_FORM;
        -:  573:		case 'x': case 'X':
  2985168:  574:			a = fmt_x(arg.i, z, t&32);
call    0 returned 100%
  2985168:  575:			if (arg.i && (fl & ALT_FORM)) prefix+=(t>>4), pl=2;
branch  0 taken 99% (fallthrough)
branch  1 taken 1%
branch  2 taken 38% (fallthrough)
branch  3 taken 62%
        -:  576:			if (0) {
        -:  577:		case 'o':
  1014213:  578:			a = fmt_o(arg.i, z);
call    0 returned 100%
  1014213:  579:			if ((fl&ALT_FORM) && arg.i) prefix+=5, pl=1;
branch  0 taken 9% (fallthrough)
branch  1 taken 91%
branch  2 taken 99% (fallthrough)
branch  3 taken 1%
        -:  580:			} if (0) {
        -:  581:		case 'd': case 'i':
  3347140:  582:			pl=1;
  3347140:  583:			if (arg.i>INTMAX_MAX) {
branch  0 taken 50% (fallthrough)
branch  1 taken 50%
  1673384:  584:				arg.i=-arg.i;
  1673756:  585:			} else if (fl & MARK_POS) {
branch  0 taken 9% (fallthrough)
branch  1 taken 91%
   150527:  586:				prefix++;
  1523229:  587:			} else if (fl & PAD_POS) {
branch  0 taken 7% (fallthrough)
branch  1 taken 93%
   105818:  588:				prefix+=2;
  1417411:  589:			} else pl=0;
        -:  590:		case 'u':
  4362431:  591:			a = fmt_u(arg.i, z);
call    0 returned 100%
        -:  592:			}
  8361812:  593:			if (p>=0) fl &= ~ZERO_PAD;
branch  0 taken 27% (fallthrough)
branch  1 taken 73%
  8361812:  594:			if (!arg.i && !p) {
branch  0 taken 1% (fallthrough)
branch  1 taken 99%
branch  2 taken 4% (fallthrough)
branch  3 taken 96%
       80:  595:				a=z;
       80:  596:				break;
        -:  597:			}
  8361732:  598:			p = MAX(p, z-a + !arg.i);
  8361732:  599:			break;
        -:  600:		case 'c':
   477919:  601:			*(a=z-(p=1))=arg.i;
   477919:  602:			fl &= ~ZERO_PAD;
   477919:  603:			break;
        -:  604:		case 'm':
   958907:  605:			if (1) a = strerror(errno); else
call    0 returned 100%
call    1 returned 100%
        -:  606:		case 's':
   478218:  607:			a = arg.p ? arg.p : "(null)";
branch  0 taken 100% (fallthrough)
branch  1 taken 0%
        -:  608:			// z = memchr(a, 0, p);
        -:  609:			// fix from spencer:
  1437125:  610:			z = (p >= 0 ? memchr(a, 0, p) : memchr(a, 0, 1000000000000));
branch  0 taken 10% (fallthrough)
branch  1 taken 90%
  1437125:  611:			if (!z) z=a+p;
branch  0 taken 5% (fallthrough)
branch  1 taken 95%
  1362830:  612:			else p=z-a;
  1437125:  613:			fl &= ~ZERO_PAD;
  1437125:  614:			break;
        -:  615:		case 'C':
   955513:  616:			wc[0] = arg.i;
   955513:  617:			wc[1] = 0;
   955513:  618:			arg.p = wc;
   955513:  619:			p = -1;
        -:  620:		case 'S':
  1434380:  621:			ws = arg.p;
  1434380:  622:			for (i=l=0; i<0U+p && *ws && (l=wctomb(mb, *ws++))>=0 && l<=0U+p-i; i+=l);
branch  0 taken 99% (fallthrough)
branch  1 taken 1%
branch  2 taken 90% (fallthrough)
branch  3 taken 10%
call    4 returned 100%
branch  5 taken 100% (fallthrough)
branch  6 taken 0%
branch  7 taken 100%
branch  8 taken 0% (fallthrough)
  1434380:  623:			if (l<0) return -1;
branch  0 taken 0% (fallthrough)
branch  1 taken 100%
  1434380:  624:			p = i;
  1434380:  625:			pad(f, ' ', w, p, fl);
call    0 returned 100%
  1434380:  626:			ws = arg.p;
 13923239:  627:			for (i=0; i<0U+p && *ws && i+(l=wctomb(mb, *ws++))<=p; i+=l)
branch  0 taken 90% (fallthrough)
branch  1 taken 10%
branch  2 taken 100% (fallthrough)
branch  3 taken 0%
call    4 returned 100%
branch  5 taken 100%
branch  6 taken 0% (fallthrough)
 12488859:  628:				out(f, mb, l);
call    0 returned 100%
  1434380:  629:			pad(f, ' ', w, p, fl^LEFT_ADJ);
call    0 returned 100%
  1434380:  630:			l = w>p ? w : p;
  1434380:  631:			continue;
        -:  632:		case 'e': case 'f': case 'g': case 'a':
        -:  633:		case 'E': case 'F': case 'G': case 'A':
  2870235:  634:			l = fmt_fp(f, arg.f, w, p, fl, t);
call    0 returned 100%
  2870235:  635:			continue;
        -:  636:		}
        -:  637:
 10276856:  638:		if (p < z-a) p = z-a;
branch  0 taken 0% (fallthrough)
branch  1 taken 100%
 10276856:  639:		if (w < pl+p) w = pl+p;
branch  0 taken 83% (fallthrough)
branch  1 taken 17%
        -:  640:
 10276856:  641:		pad(f, ' ', w, pl+p, fl);
call    0 returned 100%
 10276856:  642:		out(f, prefix, pl);
call    0 returned 100%
 10276856:  643:		pad(f, '0', w, pl+p, fl^ZERO_PAD);
call    0 returned 100%
 10276856:  644:		pad(f, '0', p, z-a, 0);
call    0 returned 100%
 10276856:  645:		out(f, a, z-a);
call    0 returned 100%
 10276856:  646:		pad(f, ' ', w, pl+p, fl^LEFT_ADJ);
call    0 returned 100%
        -:  647:
 10276856:  648:		l = w;
 30684978:  649:	}
        -:  650:
  8740707:  651:	if (f) return cnt;
branch  0 taken 74% (fallthrough)
branch  1 taken 26%
  2236437:  652:	if (!l10n) return 0;
branch  0 taken 5% (fallthrough)
branch  1 taken 95%
        -:  653:
  9614612:  654:	for (i=1; i<=NL_ARGMAX && nl_type[i]; i++)
branch  0 taken 99% (fallthrough)
branch  1 taken 1%
branch  2 taken 78%
branch  3 taken 22% (fallthrough)
  7479972:  655:		pop_arg(nl_arg+i, nl_type[i], ap);
call    0 returned 100%
  2134640:  656:	for (; i<=NL_ARGMAX && !nl_type[i]; i++);
branch  0 taken 85% (fallthrough)
branch  1 taken 15%
branch  2 taken 100%
branch  3 taken 0% (fallthrough)
  2134640:  657:	if (i<=NL_ARGMAX) return -1;
branch  0 taken 0% (fallthrough)
branch  1 taken 100%
  2134640:  658:	return 1;
        -:  659:}
        -:  660:
function musl_vfprintf called 6506000 returned 100% blocks executed 64%
  6506000:  661:int musl_vfprintf(MUSL_FILE *restrict f, const char *restrict fmt, va_list ap)
        -:  662:{
        -:  663:	va_list ap2;
  6506000:  664:	int nl_type[NL_ARGMAX+1] = {0};
        -:  665:	union arg nl_arg[NL_ARGMAX+1];
  6506000:  666:	unsigned char internal_buf[80], *saved_buf = 0;
        -:  667:	int ret;
        -:  668:
        -:  669:	/* the copy allows passing va_list* even if va_list is an array */
  6506000:  670:	va_copy(ap2, ap);
  6506000:  671:	if (printf_core(0, fmt, &ap2, nl_arg, nl_type) < 0) {
call    0 returned 100%
branch  1 taken 1% (fallthrough)
branch  2 taken 99%
     1730:  672:		va_end(ap2);
     1730:  673:		return -1;
        -:  674:	}
        -:  675:
        -:  676:	// FLOCK(f);
  6504270:  677:	if (!f->buf_size) {
branch  0 taken 0% (fallthrough)
branch  1 taken 100%
    #####:  678:		saved_buf = f->buf;
    #####:  679:		f->wpos = f->wbase = f->buf = internal_buf;
    #####:  680:		f->buf_size = sizeof internal_buf;
    #####:  681:		f->wend = internal_buf + sizeof internal_buf;
        -:  682:	}
  6504270:  683:	ret = printf_core(f, fmt, &ap2, nl_arg, nl_type);
call    0 returned 100%
  6504270:  684:	if (saved_buf) {
branch  0 taken 0% (fallthrough)
branch  1 taken 100%
    #####:  685:		f->write(f, 0, 0);
call    0 never executed
    #####:  686:		if (!f->wpos) ret = -1;
branch  0 never executed
branch  1 never executed
    #####:  687:		f->buf = saved_buf;
    #####:  688:		f->buf_size = 0;
    #####:  689:		f->wpos = f->wbase = f->wend = 0;
        -:  690:	}
        -:  691:	// FUNLOCK(f);
  6504270:  692:	va_end(ap2);
  6504270:  693:	return ret;
        -:  694:}
